Triana1:Workflow submitted at 11:30:44: defaultTypes.Workflow@69363f5a
Triana1:11:30:48: Retry FTEC > startThread
Triana1:11:30:49: Retry FTEC > startThread
Triana1:11:30:49: Retry FTEC > startThread
Triana1:Stdout: Our request represented by main id: 0 and NODE id: 0 was ACCEPTED by LRM: IOR:01ffffff1e00000049444c3a7265736f7572636550726f7669646572732f4c726d3a312e3000ffff01000000000000001d000000010100ff060000006c726d323900081109000000307832333061336330
Triana1:Stdout: Our request represented by main id: 0 and NODE id: 0 was ACCEPTED by LRM: IOR:01ffffff1e00000049444c3a7265736f7572636550726f7669646572732f4c726d3a312e3000ffff01000000000000001d000000010100ff060000006c726d323900081109000000307832333061336330
Triana1:Stdout: Our request represented by main id: 0 and NODE id: 0 was ACCEPTED by LRM: IOR:01ffffff1e00000049444c3a7265736f7572636550726f7669646572732f4c726d3a312e3000ffff01000000000000001d000000010100ff060000006c726d323900081109000000307832333061336330
Triana1:11:31:50 Retry FTEC > Completed!
Triana1:11:31:50 Retry FTEC > Completed!
Triana1:11:31:50 Retry FTEC > Completed!
Triana1:11:31:50: Retry FTEC > startThread
Triana1:11:31:50: Retry FTEC > startThread
Triana1:Stdout: Our request represented by main id: 0 and NODE id: 0 was ACCEPTED by LRM: IOR:01ffffff1e00000049444c3a7265736f7572636550726f7669646572732f4c726d3a312e3000ffff01000000000000001d000000010100ff060000006c726d323900081109000000307832333061336330
Triana1:Stdout: Our request represented by main id: 0 and NODE id: 0 was ACCEPTED by LRM: IOR:01ffffff1e00000049444c3a7265736f7572636550726f7669646572732f4c726d3a312e3000ffff01000000000000001d000000010100ff060000006c726d323900081109000000307832333061336330
Triana1:Workflow submitted at 11:33:45: defaultTypes.Workflow@739ffd2f
Triana1:11:33:45.383 [main] ERROR GLOBAL - WSCT: Erro de RMI
Triana1:Workflow submitted at 11:34:01: defaultTypes.Workflow@5560c7a8
Triana1:11:34:11: Retry FTEC > startThread
Triana1:11:34:11: Retry FTEC > startThread
Triana1:Stdout: Our request represented by main id: 0 and NODE id: 0 was ACCEPTED by LRM: IOR:01ffffff1e00000049444c3a7265736f7572636550726f7669646572732f4c726d3a312e3000ffff01000000000000001d000000010100ff060000006c726d323900081109000000307832333061336330
Triana1:Stdout: Our request represented by main id: 0 and NODE id: 0 was ACCEPTED by LRM: IOR:01ffffff1e00000049444c3a7265736f7572636550726f7669646572732f4c726d3a312e3000ffff01000000000000001d000000010100ff060000006c726d323900081109000000307832333061336330
Triana1:11:35:12 Retry FTEC > Completed!
Triana1:11:35:12: Retry FTEC > startThread
Triana1:11:35:12 Retry FTEC > Completed!
Triana1:11:35:12: Retry FTEC > startThread
Triana1:Stdout: Our request represented by main id: 0 and NODE id: 0 was ACCEPTED by LRM: IOR:01ffffff1e00000049444c3a7265736f7572636550726f7669646572732f4c726d3a312e3000ffff01000000000000001d000000010100ff060000006c726d323900081109000000307832333061336330
Triana1:Stdout: Our request represented by main id: 0 and NODE id: 0 was ACCEPTED by LRM: IOR:01ffffff1e00000049444c3a7265736f7572636550726f7669646572732f4c726d3a312e3000ffff01000000000000001d000000010100ff060000006c726d323900081109000000307832333061336330
Triana1:11:36:13 Retry FTEC > Completed!
Triana1:11:36:13: Retry FTEC > startThread
Triana1:11:36:14 Retry FTEC > Completed!
Triana1:Stdout: Our request represented by main id: 0 and NODE id: 0 was ACCEPTED by LRM: IOR:01ffffff1e00000049444c3a7265736f7572636550726f7669646572732f4c726d3a312e3000ffff01000000000000001d000000010100ff060000006c726d323900081109000000307832333061336330
Triana1:11:37:15 Retry FTEC > Completed!
Triana1:11:37:15: Retry FTEC > startThread
Triana1:11:37:15: Retry FTEC > startThread
Triana1:Stdout: Our request represented by main id: 0 and NODE id: 0 was ACCEPTED by LRM: IOR:01ffffff1e00000049444c3a7265736f7572636550726f7669646572732f4c726d3a312e3000ffff01000000000000001d000000010100ff060000006c726d323900081109000000307832333061336330
Triana1:Stdout: Our request represented by main id: 0 and NODE id: 0 was ACCEPTED by LRM: IOR:01ffffff1e00000049444c3a7265736f7572636550726f7669646572732f4c726d3a312e3000ffff01000000000000001d000000010100ff060000006c726d323900081109000000307832333061336330
Triana1:11:38:16 Retry FTEC > Completed!
Triana1:11:38:16 Retry FTEC > Completed!
Triana1:11:38:16: Retry FTEC > startThread
Triana1:11:38:16: Retry FTEC > startThread
Triana1:Stdout: Our request represented by main id: 0 and NODE id: 0 was ACCEPTED by LRM: IOR:01ffffff1e00000049444c3a7265736f7572636550726f7669646572732f4c726d3a312e3000ffff01000000000000001d000000010100ff060000006c726d323900081109000000307832333061336330
Triana1:Stdout: Our request represented by main id: 0 and NODE id: 0 was ACCEPTED by LRM: IOR:01ffffff1e00000049444c3a7265736f7572636550726f7669646572732f4c726d3a312e3000ffff01000000000000001d000000010100ff060000006c726d323900081109000000307832333061336330
Triana1:11:39:17 Retry FTEC > Completed!
Triana1:11:39:17 Retry FTEC > Completed!
Triana1:11:39:17: Retry FTEC > startThread
Triana1:Stdout: Our request represented by main id: 0 and NODE id: 0 was ACCEPTED by LRM: IOR:01ffffff1e00000049444c3a7265736f7572636550726f7669646572732f4c726d3a312e3000ffff01000000000000001d000000010100ff060000006c726d323900081109000000307832333061336330
Triana1:11:40:18 Retry FTEC > Completed!
Triana1:11:40:19: Retry FTEC > startThread
Triana1:Stdout: Our request represented by main id: 0 and NODE id: 0 was ACCEPTED by LRM: IOR:01ffffff1e00000049444c3a7265736f7572636550726f7669646572732f4c726d3a312e3000ffff01000000000000001d000000010100ff060000006c726d323900081109000000307832333061336330
Triana1:11:41:20 Retry FTEC > Completed!
Triana10:Workflow submitted at 15:33:38: defaultTypes.Workflow@44d41262
Triana10:15:33:45: Retry FTEC > startThread
Triana10:15:33:45: Retry FTEC > startThread
Triana10:Stdout: Our request represented by main id: 0 and NODE id: 0 was ACCEPTED by LRM: IOR:01ffffff1e00000049444c3a7265736f7572636550726f7669646572732f4c726d3a312e3000ffff01000000000000001d000000010100ff060000006c726d323900081109000000307832333061336330
Triana10:Stdout: Our request represented by main id: 0 and NODE id: 0 was ACCEPTED by LRM: IOR:01ffffff1e00000049444c3a7265736f7572636550726f7669646572732f4c726d3a312e3000ffff01000000000000001d000000010100ff060000006c726d323900081109000000307832333061336330
Triana10:15:34:46 Retry FTEC > Completed!
Triana10:15:34:46 Retry FTEC > Completed!
Triana10:15:34:46: Retry FTEC > startThread
Triana10:15:34:47: Retry FTEC > startThread
Triana10:Stdout: Our request represented by main id: 0 and NODE id: 0 was ACCEPTED by LRM: IOR:01ffffff1e00000049444c3a7265736f7572636550726f7669646572732f4c726d3a312e3000ffff01000000000000001d000000010100ff060000006c726d323900081109000000307832333061336330
Triana10:Stdout: Our request represented by main id: 0 and NODE id: 0 was ACCEPTED by LRM: IOR:01ffffff1e00000049444c3a7265736f7572636550726f7669646572732f4c726d3a312e3000ffff01000000000000001d000000010100ff060000006c726d323900081109000000307832333061336330
Triana10:15:35:48 Retry FTEC > Completed!
Triana10:15:35:48: Retry FTEC > startThread
Triana10:15:35:48 Retry FTEC > Completed!
Triana10:Stdout: Our request represented by main id: 0 and NODE id: 0 was ACCEPTED by LRM: IOR:01ffffff1e00000049444c3a7265736f7572636550726f7669646572732f4c726d3a312e3000ffff01000000000000001d000000010100ff060000006c726d323900081109000000307832333061336330
Triana10:15:36:49 Retry FTEC > Completed!
Triana10:15:36:49: Retry FTEC > startThread
Triana10:15:36:49: Retry FTEC > startThread
Triana10:Stdout: Our request represented by main id: 0 and NODE id: 0 was ACCEPTED by LRM: IOR:01ffffff1e00000049444c3a7265736f7572636550726f7669646572732f4c726d3a312e3000ffff01000000000000001d000000010100ff060000006c726d323900081109000000307832333061336330
Triana10:Stdout: Our request represented by main id: 0 and NODE id: 0 was ACCEPTED by LRM: IOR:01ffffff1e00000049444c3a7265736f7572636550726f7669646572732f4c726d3a312e3000ffff01000000000000001d000000010100ff060000006c726d323900081109000000307832333061336330
Triana10:15:37:50 Retry FTEC > Completed!
Triana10:15:37:50 Retry FTEC > Completed!
Triana10:15:37:50: Retry FTEC > startThread
Triana10:15:37:50: Retry FTEC > startThread
Triana10:Stdout: Our request represented by main id: 0 and NODE id: 0 was ACCEPTED by LRM: IOR:01ffffff1e00000049444c3a7265736f7572636550726f7669646572732f4c726d3a312e3000ffff01000000000000001d000000010100ff060000006c726d323900081109000000307832333061336330
Triana10:Stdout: Our request represented by main id: 0 and NODE id: 0 was ACCEPTED by LRM: IOR:01ffffff1e00000049444c3a7265736f7572636550726f7669646572732f4c726d3a312e3000ffff01000000000000001d000000010100ff060000006c726d323900081109000000307832333061336330
Triana10:15:38:51 Retry FTEC > Completed!
Triana10:15:38:52 Retry FTEC > Completed!
Triana10:15:38:52: Retry FTEC > startThread
Triana10:Stdout: Our request represented by main id: 0 and NODE id: 0 was ACCEPTED by LRM: IOR:01ffffff1e00000049444c3a7265736f7572636550726f7669646572732f4c726d3a312e3000ffff01000000000000001d000000010100ff060000006c726d323900081109000000307832333061336330
Triana10:15:39:53 Retry FTEC > Completed!
Triana10:15:39:53: Retry FTEC > startThread
Triana10:Stdout: Our request represented by main id: 0 and NODE id: 0 was ACCEPTED by LRM: IOR:01ffffff1e00000049444c3a7265736f7572636550726f7669646572732f4c726d3a312e3000ffff01000000000000001d000000010100ff060000006c726d323900081109000000307832333061336330
Triana10:15:40:54 Retry FTEC > Completed!
Triana2:Workflow submitted at 11:43:40: defaultTypes.Workflow@5560c7a8
Triana2:11:43:49: Retry FTEC > startThread
Triana2:11:43:49: Retry FTEC > startThread
Triana2:Stdout: Our request represented by main id: 0 and NODE id: 0 was ACCEPTED by LRM: IOR:01ffffff1e00000049444c3a7265736f7572636550726f7669646572732f4c726d3a312e3000ffff01000000000000001d000000010100ff060000006c726d323900081109000000307832333061336330
Triana2:Stdout: Our request represented by main id: 0 and NODE id: 0 was ACCEPTED by LRM: IOR:01ffffff1e00000049444c3a7265736f7572636550726f7669646572732f4c726d3a312e3000ffff01000000000000001d000000010100ff060000006c726d323900081109000000307832333061336330
Triana2:11:44:50 Retry FTEC > Completed!
Triana2:11:44:51: Retry FTEC > startThread
Triana2:11:44:51 Retry FTEC > Completed!
Triana2:11:44:51: Retry FTEC > startThread
Triana2:Stdout: Our request represented by main id: 0 and NODE id: 0 was ACCEPTED by LRM: IOR:01ffffff1e00000049444c3a7265736f7572636550726f7669646572732f4c726d3a312e3000ffff01000000000000001d000000010100ff060000006c726d323900081109000000307832333061336330
Triana2:Stdout: Our request represented by main id: 0 and NODE id: 0 was ACCEPTED by LRM: IOR:01ffffff1e00000049444c3a7265736f7572636550726f7669646572732f4c726d3a312e3000ffff01000000000000001d000000010100ff060000006c726d323900081109000000307832333061336330
Triana2:11:45:52 Retry FTEC > Completed!
Triana2:11:45:52 Retry FTEC > Completed!
Triana2:11:45:52: Retry FTEC > startThread
Triana2:Stdout: Our request represented by main id: 0 and NODE id: 0 was ACCEPTED by LRM: IOR:01ffffff1e00000049444c3a7265736f7572636550726f7669646572732f4c726d3a312e3000ffff01000000000000001d000000010100ff060000006c726d323900081109000000307832333061336330
Triana2:11:46:53 Retry FTEC > Completed!
Triana2:11:46:53: Retry FTEC > startThread
Triana2:11:46:53: Retry FTEC > startThread
Triana2:Stdout: Our request represented by main id: 0 and NODE id: 0 was ACCEPTED by LRM: IOR:01ffffff1e00000049444c3a7265736f7572636550726f7669646572732f4c726d3a312e3000ffff01000000000000001d000000010100ff060000006c726d323900081109000000307832333061336330
Triana2:Stdout: Our request represented by main id: 0 and NODE id: 0 was ACCEPTED by LRM: IOR:01ffffff1e00000049444c3a7265736f7572636550726f7669646572732f4c726d3a312e3000ffff01000000000000001d000000010100ff060000006c726d323900081109000000307832333061336330
Triana2:11:47:54 Retry FTEC > Completed!
Triana2:11:47:54 Retry FTEC > Completed!
Triana2:11:47:54: Retry FTEC > startThread
Triana2:11:47:54: Retry FTEC > startThread
Triana2:Stdout: Our request represented by main id: 0 and NODE id: 0 was ACCEPTED by LRM: IOR:01ffffff1e00000049444c3a7265736f7572636550726f7669646572732f4c726d3a312e3000ffff01000000000000001d000000010100ff060000006c726d323900081109000000307832333061336330
Triana2:Stdout: Our request represented by main id: 0 and NODE id: 0 was ACCEPTED by LRM: IOR:01ffffff1e00000049444c3a7265736f7572636550726f7669646572732f4c726d3a312e3000ffff01000000000000001d000000010100ff060000006c726d323900081109000000307832333061336330
Triana2:11:48:56 Retry FTEC > Completed!
Triana2:11:48:57 Retry FTEC > Completed!
Triana2:11:48:57: Retry FTEC > startThread
Triana2:Stdout: Our request represented by main id: 0 and NODE id: 0 was ACCEPTED by LRM: IOR:01ffffff1e00000049444c3a7265736f7572636550726f7669646572732f4c726d3a312e3000ffff01000000000000001d000000010100ff060000006c726d323900081109000000307832333061336330
Triana2:11:50:00 Retry FTEC > Completed!
Triana2:11:50:00: Retry FTEC > startThread
Triana2:Stdout: Our request represented by main id: 0 and NODE id: 0 was ACCEPTED by LRM: IOR:01ffffff1e00000049444c3a7265736f7572636550726f7669646572732f4c726d3a312e3000ffff01000000000000001d000000010100ff060000006c726d323900081109000000307832333061336330
Triana2:11:51:02 Retry FTEC > Completed!
Triana3:Workflow submitted at 11:52:15: defaultTypes.Workflow@5560c7a8
Triana3:11:52:26: Retry FTEC > startThread
Triana3:11:52:26: Retry FTEC > startThread
Triana3:Stdout: Our request represented by main id: 0 and NODE id: 0 was ACCEPTED by LRM: IOR:01ffffff1e00000049444c3a7265736f7572636550726f7669646572732f4c726d3a312e3000ffff01000000000000001d000000010100ff060000006c726d323900081109000000307832333061336330
Triana3:Stdout: Our request represented by main id: 0 and NODE id: 0 was ACCEPTED by LRM: IOR:01ffffff1e00000049444c3a7265736f7572636550726f7669646572732f4c726d3a312e3000ffff01000000000000001d000000010100ff060000006c726d323900081109000000307832333061336330
Triana3:11:53:28 Retry FTEC > Completed!
Triana3:11:53:28 Retry FTEC > Completed!
Triana3:11:53:28: Retry FTEC > startThread
Triana3:11:53:28: Retry FTEC > startThread
Triana3:Stdout: Our request represented by main id: 0 and NODE id: 0 was ACCEPTED by LRM: IOR:01ffffff1e00000049444c3a7265736f7572636550726f7669646572732f4c726d3a312e3000ffff01000000000000001d000000010100ff060000006c726d323900081109000000307832333061336330
Triana3:Stdout: Our request represented by main id: 0 and NODE id: 0 was ACCEPTED by LRM: IOR:01ffffff1e00000049444c3a7265736f7572636550726f7669646572732f4c726d3a312e3000ffff01000000000000001d000000010100ff060000006c726d323900081109000000307832333061336330
Triana3:11:54:30 Retry FTEC > Completed!
Triana3:11:54:30: Retry FTEC > startThread
Triana3:11:54:30 Retry FTEC > Completed!
Triana3:Stdout: Our request represented by main id: 0 and NODE id: 0 was ACCEPTED by LRM: IOR:01ffffff1e00000049444c3a7265736f7572636550726f7669646572732f4c726d3a312e3000ffff01000000000000001d000000010100ff060000006c726d323900081109000000307832333061336330
Triana3:11:55:31 Retry FTEC > Completed!
Triana3:11:55:31: Retry FTEC > startThread
Triana3:11:55:31: Retry FTEC > startThread
Triana3:Stdout: Our request represented by main id: 0 and NODE id: 0 was ACCEPTED by LRM: IOR:01ffffff1e00000049444c3a7265736f7572636550726f7669646572732f4c726d3a312e3000ffff01000000000000001d000000010100ff060000006c726d323900081109000000307832333061336330
Triana3:Stdout: Our request represented by main id: 0 and NODE id: 0 was ACCEPTED by LRM: IOR:01ffffff1e00000049444c3a7265736f7572636550726f7669646572732f4c726d3a312e3000ffff01000000000000001d000000010100ff060000006c726d323900081109000000307832333061336330
Triana3:11:56:33 Retry FTEC > Completed!
Triana3:11:56:33 Retry FTEC > Completed!
Triana3:11:56:33: Retry FTEC > startThread
Triana3:11:56:33: Retry FTEC > startThread
Triana3:Stdout: Our request represented by main id: 0 and NODE id: 0 was ACCEPTED by LRM: IOR:01ffffff1e00000049444c3a7265736f7572636550726f7669646572732f4c726d3a312e3000ffff01000000000000001d000000010100ff060000006c726d323900081109000000307832333061336330
Triana3:Stdout: Our request represented by main id: 0 and NODE id: 0 was ACCEPTED by LRM: IOR:01ffffff1e00000049444c3a7265736f7572636550726f7669646572732f4c726d3a312e3000ffff01000000000000001d000000010100ff060000006c726d323900081109000000307832333061336330
Triana3:11:57:35 Retry FTEC > Completed!
Triana3:11:57:35 Retry FTEC > Completed!
Triana3:11:57:35: Retry FTEC > startThread
Triana3:Stdout: Our request represented by main id: 0 and NODE id: 0 was ACCEPTED by LRM: IOR:01ffffff1e00000049444c3a7265736f7572636550726f7669646572732f4c726d3a312e3000ffff01000000000000001d000000010100ff060000006c726d323900081109000000307832333061336330
Triana3:11:58:37 Retry FTEC > Completed!
Triana3:11:58:37: Retry FTEC > startThread
Triana3:Stdout: Our request represented by main id: 0 and NODE id: 0 was ACCEPTED by LRM: IOR:01ffffff1e00000049444c3a7265736f7572636550726f7669646572732f4c726d3a312e3000ffff01000000000000001d000000010100ff060000006c726d323900081109000000307832333061336330
Triana3:11:59:39 Retry FTEC > Completed!
Triana4:Workflow submitted at 12:07:27: defaultTypes.Workflow@739ffd2f
Triana4:12:07:36: Retry FTEC > startThread
Triana4:12:07:36: Retry FTEC > startThread
Triana4:Stdout: Our request represented by main id: 0 and NODE id: 0 was ACCEPTED by LRM: IOR:01ffffff1e00000049444c3a7265736f7572636550726f7669646572732f4c726d3a312e3000ffff01000000000000001d000000010100ff060000006c726d323900081109000000307832333061336330
Triana4:Stdout: Our request represented by main id: 0 and NODE id: 0 was ACCEPTED by LRM: IOR:01ffffff1e00000049444c3a7265736f7572636550726f7669646572732f4c726d3a312e3000ffff01000000000000001d000000010100ff060000006c726d323900081109000000307832333061336330
Triana4:12:08:38 Retry FTEC > Completed!
Triana4:12:08:38 Retry FTEC > Completed!
Triana4:12:08:38: Retry FTEC > startThread
Triana4:12:08:38: Retry FTEC > startThread
Triana4:Stdout: Our request represented by main id: 0 and NODE id: 0 was ACCEPTED by LRM: IOR:01ffffff1e00000049444c3a7265736f7572636550726f7669646572732f4c726d3a312e3000ffff01000000000000001d000000010100ff060000006c726d323900081109000000307832333061336330
Triana4:Stdout: Our request represented by main id: 0 and NODE id: 0 was ACCEPTED by LRM: IOR:01ffffff1e00000049444c3a7265736f7572636550726f7669646572732f4c726d3a312e3000ffff01000000000000001d000000010100ff060000006c726d323900081109000000307832333061336330
Triana4:12:09:40 Retry FTEC > Completed!
Triana4:[1] nodeID = 1, question/answer = null12:09:40 Retry FTEC > Completed!
Triana4:12:09:40: Retry FTEC > startThread
Triana4:Stdout: Our request represented by main id: 0 and NODE id: 0 was ACCEPTED by LRM: IOR:01ffffff1e00000049444c3a7265736f7572636550726f7669646572732f4c726d3a312e3000ffff01000000000000001d000000010100ff060000006c726d323900081109000000307832333061336330
Triana4:12:10:41 Retry FTEC > Completed!
Triana4:12:10:41: Retry FTEC > startThread
Triana4:12:10:41: Retry FTEC > startThread
Triana4:Stdout: Our request represented by main id: 0 and NODE id: 0 was ACCEPTED by LRM: IOR:01ffffff1e00000049444c3a7265736f7572636550726f7669646572732f4c726d3a312e3000ffff01000000000000001d000000010100ff060000006c726d323900081109000000307832333061336330
Triana4:Stdout: Our request represented by main id: 0 and NODE id: 0 was ACCEPTED by LRM: IOR:01ffffff1e00000049444c3a7265736f7572636550726f7669646572732f4c726d3a312e3000ffff01000000000000001d000000010100ff060000006c726d323900081109000000307832333061336330
Triana4:12:11:43 Retry FTEC > Completed!
Triana4:12:11:43: Retry FTEC > startThread
Triana4:12:11:44 Retry FTEC > Completed!
Triana4:12:11:44: Retry FTEC > startThread
Triana4:Stdout: Our request represented by main id: 0 and NODE id: 0 was ACCEPTED by LRM: IOR:01ffffff1e00000049444c3a7265736f7572636550726f7669646572732f4c726d3a312e3000ffff01000000000000001d000000010100ff060000006c726d323900081109000000307832333061336330
Triana4:Stdout: Our request represented by main id: 0 and NODE id: 0 was ACCEPTED by LRM: IOR:01ffffff1e00000049444c3a7265736f7572636550726f7669646572732f4c726d3a312e3000ffff01000000000000001d000000010100ff060000006c726d323900081109000000307832333061336330
Triana4:12:12:45 Retry FTEC > Completed!
Triana4:12:12:45: Retry FTEC > startThread
Triana4:12:12:45 Retry FTEC > Completed!
Triana4:Stdout: Our request represented by main id: 0 and NODE id: 0 was ACCEPTED by LRM: IOR:01ffffff1e00000049444c3a7265736f7572636550726f7669646572732f4c726d3a312e3000ffff01000000000000001d000000010100ff060000006c726d323900081109000000307832333061336330
Triana4:12:13:47 Retry FTEC > Completed!
Triana4:12:13:47: Retry FTEC > startThread
Triana4:Stdout: Our request represented by main id: 0 and NODE id: 0 was ACCEPTED by LRM: IOR:01ffffff1e00000049444c3a7265736f7572636550726f7669646572732f4c726d3a312e3000ffff01000000000000001d000000010100ff060000006c726d323900081109000000307832333061336330
Triana4:12:14:48 Retry FTEC > Completed!
Triana5:Workflow submitted at 12:16:06: defaultTypes.Workflow@74b01999
Triana5:12:16:16: Retry FTEC > startThread
Triana5:12:16:16: Retry FTEC > startThread
Triana5:Stdout: Our request represented by main id: 0 and NODE id: 0 was ACCEPTED by LRM: IOR:01ffffff1e00000049444c3a7265736f7572636550726f7669646572732f4c726d3a312e3000ffff01000000000000001d000000010100ff060000006c726d323900081109000000307832333061336330
Triana5:Stdout: Our request represented by main id: 0 and NODE id: 0 was ACCEPTED by LRM: IOR:01ffffff1e00000049444c3a7265736f7572636550726f7669646572732f4c726d3a312e3000ffff01000000000000001d000000010100ff060000006c726d323900081109000000307832333061336330
Triana5:12:17:17 Retry FTEC > Completed!
Triana5:12:17:17 Retry FTEC > Completed!
Triana5:12:17:17: Retry FTEC > startThread
Triana5:12:17:17: Retry FTEC > startThread
Triana5:Stdout: Our request represented by main id: 0 and NODE id: 0 was ACCEPTED by LRM: IOR:01ffffff1e00000049444c3a7265736f7572636550726f7669646572732f4c726d3a312e3000ffff01000000000000001d000000010100ff060000006c726d323900081109000000307832333061336330
Triana5:Stdout: Our request represented by main id: 0 and NODE id: 0 was ACCEPTED by LRM: IOR:01ffffff1e00000049444c3a7265736f7572636550726f7669646572732f4c726d3a312e3000ffff01000000000000001d000000010100ff060000006c726d323900081109000000307832333061336330
Triana5:12:18:18 Retry FTEC > Completed!
Triana5:12:18:19 Retry FTEC > Completed!
Triana5:12:18:19: Retry FTEC > startThread
Triana5:Stdout: Our request represented by main id: 0 and NODE id: 0 was ACCEPTED by LRM: IOR:01ffffff1e00000049444c3a7265736f7572636550726f7669646572732f4c726d3a312e3000ffff01000000000000001d000000010100ff060000006c726d323900081109000000307832333061336330
Triana5:12:19:20 Retry FTEC > Completed!
Triana5:12:19:20: Retry FTEC > startThread
Triana5:12:19:20: Retry FTEC > startThread
Triana5:Stdout: Our request represented by main id: 0 and NODE id: 0 was ACCEPTED by LRM: IOR:01ffffff1e00000049444c3a7265736f7572636550726f7669646572732f4c726d3a312e3000ffff01000000000000001d000000010100ff060000006c726d323900081109000000307832333061336330
Triana5:Stdout: Our request represented by main id: 0 and NODE id: 0 was ACCEPTED by LRM: IOR:01ffffff1e00000049444c3a7265736f7572636550726f7669646572732f4c726d3a312e3000ffff01000000000000001d000000010100ff060000006c726d323900081109000000307832333061336330
Triana5:12:20:21 Retry FTEC > Completed!
Triana5:12:20:21 Retry FTEC > Completed!
Triana5:12:20:21: Retry FTEC > startThread
Triana5:12:20:21: Retry FTEC > startThread
Triana5:Stdout: Our request represented by main id: 0 and NODE id: 0 was ACCEPTED by LRM: IOR:01ffffff1e00000049444c3a7265736f7572636550726f7669646572732f4c726d3a312e3000ffff01000000000000001d000000010100ff060000006c726d323900081109000000307832333061336330
Triana5:Stdout: Our request represented by main id: 0 and NODE id: 0 was ACCEPTED by LRM: IOR:01ffffff1e00000049444c3a7265736f7572636550726f7669646572732f4c726d3a312e3000ffff01000000000000001d000000010100ff060000006c726d323900081109000000307832333061336330
Triana5:12:21:24 Retry FTEC > Completed!
Triana5:12:21:24 Retry FTEC > Completed!
Triana5:12:21:24: Retry FTEC > startThread
Triana5:Stdout: Our request represented by main id: 0 and NODE id: 0 was ACCEPTED by LRM: IOR:01ffffff1e00000049444c3a7265736f7572636550726f7669646572732f4c726d3a312e3000ffff01000000000000001d000000010100ff060000006c726d323900081109000000307832333061336330
Triana5:12:22:26 Retry FTEC > Completed!
Triana5:12:22:26: Retry FTEC > startThread
Triana5:Stdout: Our request represented by main id: 0 and NODE id: 0 was ACCEPTED by LRM: IOR:01ffffff1e00000049444c3a7265736f7572636550726f7669646572732f4c726d3a312e3000ffff01000000000000001d000000010100ff060000006c726d323900081109000000307832333061336330
Triana5:12:23:28 Retry FTEC > Completed!
Triana6:Workflow submitted at 12:23:56: defaultTypes.Workflow@ca753f7
Triana6:12:24:04: Retry FTEC > startThread
Triana6:12:24:04: Retry FTEC > startThread
Triana6:Stdout: Our request represented by main id: 0 and NODE id: 0 was ACCEPTED by LRM: IOR:01ffffff1e00000049444c3a7265736f7572636550726f7669646572732f4c726d3a312e3000ffff01000000000000001d000000010100ff060000006c726d323900081109000000307832333061336330
Triana6:Stdout: Our request represented by main id: 0 and NODE id: 0 was ACCEPTED by LRM: IOR:01ffffff1e00000049444c3a7265736f7572636550726f7669646572732f4c726d3a312e3000ffff01000000000000001d000000010100ff060000006c726d323900081109000000307832333061336330
Triana6:12:25:07 Retry FTEC > Completed!
Triana6:12:25:07 Retry FTEC > Completed!
Triana6:12:25:07: Retry FTEC > startThread
Triana6:12:25:07: Retry FTEC > startThread
Triana6:Stdout: Our request represented by main id: 0 and NODE id: 0 was ACCEPTED by LRM: IOR:01ffffff1e00000049444c3a7265736f7572636550726f7669646572732f4c726d3a312e3000ffff01000000000000001d000000010100ff060000006c726d323900081109000000307832333061336330
Triana6:Stdout: Our request represented by main id: 0 and NODE id: 0 was ACCEPTED by LRM: IOR:01ffffff1e00000049444c3a7265736f7572636550726f7669646572732f4c726d3a312e3000ffff01000000000000001d000000010100ff060000006c726d323900081109000000307832333061336330
Triana6:12:26:09 Retry FTEC > Completed!
Triana6:12:26:09 Retry FTEC > Completed!
Triana6:12:26:09: Retry FTEC > startThread
Triana6:Stdout: Our request represented by main id: 0 and NODE id: 0 was ACCEPTED by LRM: IOR:01ffffff1e00000049444c3a7265736f7572636550726f7669646572732f4c726d3a312e3000ffff01000000000000001d000000010100ff060000006c726d323900081109000000307832333061336330
Triana6:12:27:10 Retry FTEC > Completed!
Triana6:12:27:10: Retry FTEC > startThread
Triana6:12:27:10: Retry FTEC > startThread
Triana6:Stdout: Our request represented by main id: 0 and NODE id: 0 was ACCEPTED by LRM: IOR:01ffffff1e00000049444c3a7265736f7572636550726f7669646572732f4c726d3a312e3000ffff01000000000000001d000000010100ff060000006c726d323900081109000000307832333061336330
Triana6:Stdout: Our request represented by main id: 0 and NODE id: 0 was ACCEPTED by LRM: IOR:01ffffff1e00000049444c3a7265736f7572636550726f7669646572732f4c726d3a312e3000ffff01000000000000001d000000010100ff060000006c726d323900081109000000307832333061336330
Triana6:12:28:12 Retry FTEC > Completed!
Triana6:12:28:12: Retry FTEC > startThread
Triana6:12:28:12 Retry FTEC > Completed!
Triana6:12:28:12: Retry FTEC > startThread
Triana6:Stdout: Our request represented by main id: 0 and NODE id: 0 was ACCEPTED by LRM: IOR:01ffffff1e00000049444c3a7265736f7572636550726f7669646572732f4c726d3a312e3000ffff01000000000000001d000000010100ff060000006c726d323900081109000000307832333061336330
Triana6:Stdout: Our request represented by main id: 0 and NODE id: 0 was ACCEPTED by LRM: IOR:01ffffff1e00000049444c3a7265736f7572636550726f7669646572732f4c726d3a312e3000ffff01000000000000001d000000010100ff060000006c726d323900081109000000307832333061336330
Triana6:12:29:13 Retry FTEC > Completed!
Triana6:12:29:13: Retry FTEC > startThread
Triana6:12:29:13 Retry FTEC > Completed!
Triana6:Stdout: Our request represented by main id: 0 and NODE id: 0 was ACCEPTED by LRM: IOR:01ffffff1e00000049444c3a7265736f7572636550726f7669646572732f4c726d3a312e3000ffff01000000000000001d000000010100ff060000006c726d323900081109000000307832333061336330
Triana6:12:30:14 Retry FTEC > Completed!
Triana6:12:30:14: Retry FTEC > startThread
Triana6:Stdout: Our request represented by main id: 0 and NODE id: 0 was ACCEPTED by LRM: IOR:01ffffff1e00000049444c3a7265736f7572636550726f7669646572732f4c726d3a312e3000ffff01000000000000001d000000010100ff060000006c726d323900081109000000307832333061336330
Triana6:12:31:15 Retry FTEC > Completed!
Triana7:Workflow submitted at 12:32:42: defaultTypes.Workflow@74b01999
Triana7:12:32:51: Retry FTEC > startThread
Triana7:12:32:52: Retry FTEC > startThread
Triana7:Stdout: Our request represented by main id: 0 and NODE id: 0 was ACCEPTED by LRM: IOR:01ffffff1e00000049444c3a7265736f7572636550726f7669646572732f4c726d3a312e3000ffff01000000000000001d000000010100ff060000006c726d323900081109000000307832333061336330
Triana7:Stdout: Our request represented by main id: 0 and NODE id: 0 was ACCEPTED by LRM: IOR:01ffffff1e00000049444c3a7265736f7572636550726f7669646572732f4c726d3a312e3000ffff01000000000000001d000000010100ff060000006c726d323900081109000000307832333061336330
Triana7:12:33:53 Retry FTEC > Completed!
Triana7:12:33:53: Retry FTEC > startThread
Triana7:12:33:53 Retry FTEC > Completed!
Triana7:12:33:53: Retry FTEC > startThread
Triana7:Stdout: Our request represented by main id: 0 and NODE id: 0 was ACCEPTED by LRM: IOR:01ffffff1e00000049444c3a7265736f7572636550726f7669646572732f4c726d3a312e3000ffff01000000000000001d000000010100ff060000006c726d323900081109000000307832333061336330
Triana7:Stdout: Our request represented by main id: 0 and NODE id: 0 was ACCEPTED by LRM: IOR:01ffffff1e00000049444c3a7265736f7572636550726f7669646572732f4c726d3a312e3000ffff01000000000000001d000000010100ff060000006c726d323900081109000000307832333061336330
Triana7:12:34:54 Retry FTEC > Completed!
Triana7:12:34:54 Retry FTEC > Completed!
Triana7:12:34:54: Retry FTEC > startThread
Triana7:Stdout: Our request represented by main id: 0 and NODE id: 0 was ACCEPTED by LRM: IOR:01ffffff1e00000049444c3a7265736f7572636550726f7669646572732f4c726d3a312e3000ffff01000000000000001d000000010100ff060000006c726d323900081109000000307832333061336330
Triana7:12:35:55 Retry FTEC > Completed!
Triana7:12:35:55: Retry FTEC > startThread
Triana7:12:35:55: Retry FTEC > startThread
Triana7:Stdout: Our request represented by main id: 0 and NODE id: 0 was ACCEPTED by LRM: IOR:01ffffff1e00000049444c3a7265736f7572636550726f7669646572732f4c726d3a312e3000ffff01000000000000001d000000010100ff060000006c726d323900081109000000307832333061336330
Triana7:Stdout: Our request represented by main id: 0 and NODE id: 0 was ACCEPTED by LRM: IOR:01ffffff1e00000049444c3a7265736f7572636550726f7669646572732f4c726d3a312e3000ffff01000000000000001d000000010100ff060000006c726d323900081109000000307832333061336330
Triana7:12:36:57 Retry FTEC > Completed!
Triana7:12:36:57: Retry FTEC > startThread
Triana7:12:36:57 Retry FTEC > Completed!
Triana7:12:36:57: Retry FTEC > startThread
Triana7:Stdout: Our request represented by main id: 0 and NODE id: 0 was ACCEPTED by LRM: IOR:01ffffff1e00000049444c3a7265736f7572636550726f7669646572732f4c726d3a312e3000ffff01000000000000001d000000010100ff060000006c726d323900081109000000307832333061336330
Triana7:Stdout: Our request represented by main id: 0 and NODE id: 0 was ACCEPTED by LRM: IOR:01ffffff1e00000049444c3a7265736f7572636550726f7669646572732f4c726d3a312e3000ffff01000000000000001d000000010100ff060000006c726d323900081109000000307832333061336330
Triana7:12:37:58 Retry FTEC > Completed!
Triana7:12:37:58: Retry FTEC > startThread
Triana7:12:37:58 Retry FTEC > Completed!
Triana7:Stdout: Our request represented by main id: 0 and NODE id: 0 was ACCEPTED by LRM: IOR:01ffffff1e00000049444c3a7265736f7572636550726f7669646572732f4c726d3a312e3000ffff01000000000000001d000000010100ff060000006c726d323900081109000000307832333061336330
Triana7:12:38:59 Retry FTEC > Completed!
Triana7:12:38:59: Retry FTEC > startThread
Triana7:Stdout: Our request represented by main id: 0 and NODE id: 0 was ACCEPTED by LRM: IOR:01ffffff1e00000049444c3a7265736f7572636550726f7669646572732f4c726d3a312e3000ffff01000000000000001d000000010100ff060000006c726d323900081109000000307832333061336330
Triana7:12:40:00 Retry FTEC > Completed!
Triana8:Workflow submitted at 15:13:21: defaultTypes.Workflow@739ffd2f
Triana8:15:13:30: Retry FTEC > startThread
Triana8:15:13:30: Retry FTEC > startThread
Triana8:Stdout: Our request represented by main id: 0 and NODE id: 0 was ACCEPTED by LRM: IOR:01ffffff1e00000049444c3a7265736f7572636550726f7669646572732f4c726d3a312e3000ffff01000000000000001d000000010100ff060000006c726d323900081109000000307832333061336330
Triana8:Stdout: Our request represented by main id: 0 and NODE id: 0 was ACCEPTED by LRM: IOR:01ffffff1e00000049444c3a7265736f7572636550726f7669646572732f4c726d3a312e3000ffff01000000000000001d000000010100ff060000006c726d323900081109000000307832333061336330
Triana8:15:14:33 Retry FTEC > Completed!
Triana8:15:14:33 Retry FTEC > Completed!
Triana8:15:14:33: Retry FTEC > startThread
Triana8:15:14:33: Retry FTEC > startThread
Triana8:Stdout: Our request represented by main id: 0 and NODE id: 0 was ACCEPTED by LRM: IOR:01ffffff1e00000049444c3a7265736f7572636550726f7669646572732f4c726d3a312e3000ffff01000000000000001d000000010100ff060000006c726d323900081109000000307832333061336330
Triana8:Stdout: Our request represented by main id: 0 and NODE id: 0 was ACCEPTED by LRM: IOR:01ffffff1e00000049444c3a7265736f7572636550726f7669646572732f4c726d3a312e3000ffff01000000000000001d000000010100ff060000006c726d323900081109000000307832333061336330
Triana8:15:15:34 Retry FTEC > Completed!
Triana8:15:15:34 Retry FTEC > Completed!
Triana8:15:15:34: Retry FTEC > startThread
Triana8:Stdout: Our request represented by main id: 0 and NODE id: 0 was ACCEPTED by LRM: IOR:01ffffff1e00000049444c3a7265736f7572636550726f7669646572732f4c726d3a312e3000ffff01000000000000001d000000010100ff060000006c726d323900081109000000307832333061336330
Triana8:15:16:36 Retry FTEC > Completed!
Triana8:15:16:36: Retry FTEC > startThread
Triana8:15:16:36: Retry FTEC > startThread
Triana8:Stdout: Our request represented by main id: 0 and NODE id: 0 was ACCEPTED by LRM: IOR:01ffffff1e00000049444c3a7265736f7572636550726f7669646572732f4c726d3a312e3000ffff01000000000000001d000000010100ff060000006c726d323900081109000000307832333061336330
Triana8:Stdout: Our request represented by main id: 0 and NODE id: 0 was ACCEPTED by LRM: IOR:01ffffff1e00000049444c3a7265736f7572636550726f7669646572732f4c726d3a312e3000ffff01000000000000001d000000010100ff060000006c726d323900081109000000307832333061336330
Triana8:15:17:37 Retry FTEC > Completed!
Triana8:15:17:37 Retry FTEC > Completed!
Triana8:15:17:37: Retry FTEC > startThread
Triana8:15:17:37: Retry FTEC > startThread
Triana8:Stdout: Our request represented by main id: 0 and NODE id: 0 was ACCEPTED by LRM: IOR:01ffffff1e00000049444c3a7265736f7572636550726f7669646572732f4c726d3a312e3000ffff01000000000000001d000000010100ff060000006c726d323900081109000000307832333061336330
Triana8:Stdout: Our request represented by main id: 0 and NODE id: 0 was ACCEPTED by LRM: IOR:01ffffff1e00000049444c3a7265736f7572636550726f7669646572732f4c726d3a312e3000ffff01000000000000001d000000010100ff060000006c726d323900081109000000307832333061336330
Triana8:15:18:38 Retry FTEC > Completed!
Triana8:15:18:38 Retry FTEC > Completed!
Triana8:15:18:38: Retry FTEC > startThread
Triana8:Stdout: Our request represented by main id: 0 and NODE id: 0 was ACCEPTED by LRM: IOR:01ffffff1e00000049444c3a7265736f7572636550726f7669646572732f4c726d3a312e3000ffff01000000000000001d000000010100ff060000006c726d323900081109000000307832333061336330
Triana8:15:19:39 Retry FTEC > Completed!
Triana8:15:19:40: Retry FTEC > startThread
Triana8:Stdout: Our request represented by main id: 0 and NODE id: 0 was ACCEPTED by LRM: IOR:01ffffff1e00000049444c3a7265736f7572636550726f7669646572732f4c726d3a312e3000ffff01000000000000001d000000010100ff060000006c726d323900081109000000307832333061336330
Triana8:15:20:41 Retry FTEC > Completed!
Triana9:Workflow submitted at 15:23:00: defaultTypes.Workflow@74b01999
Triana9:15:23:08: Retry FTEC > startThread
Triana9:15:23:09: Retry FTEC > startThread
Triana9:Stdout: Our request represented by main id: 0 and NODE id: 0 was ACCEPTED by LRM: IOR:01ffffff1e00000049444c3a7265736f7572636550726f7669646572732f4c726d3a312e3000ffff01000000000000001d000000010100ff060000006c726d323900081109000000307832333061336330
Triana9:Stdout: Our request represented by main id: 0 and NODE id: 0 was ACCEPTED by LRM: IOR:01ffffff1e00000049444c3a7265736f7572636550726f7669646572732f4c726d3a312e3000ffff01000000000000001d000000010100ff060000006c726d323900081109000000307832333061336330
Triana9:15:24:10 Retry FTEC > Completed!
Triana9:15:24:10 Retry FTEC > Completed!
Triana9:15:24:10: Retry FTEC > startThread
Triana9:15:24:10: Retry FTEC > startThread
Triana9:Stdout: Our request represented by main id: 0 and NODE id: 0 was ACCEPTED by LRM: IOR:01ffffff1e00000049444c3a7265736f7572636550726f7669646572732f4c726d3a312e3000ffff01000000000000001d000000010100ff060000006c726d323900081109000000307832333061336330
Triana9:Stdout: Our request represented by main id: 0 and NODE id: 0 was ACCEPTED by LRM: IOR:01ffffff1e00000049444c3a7265736f7572636550726f7669646572732f4c726d3a312e3000ffff01000000000000001d000000010100ff060000006c726d323900081109000000307832333061336330
Triana9:15:25:11 Retry FTEC > Completed!
Triana9:15:25:11: Retry FTEC > startThread
Triana9:15:25:11 Retry FTEC > Completed!
Triana9:Stdout: Our request represented by main id: 0 and NODE id: 0 was ACCEPTED by LRM: IOR:01ffffff1e00000049444c3a7265736f7572636550726f7669646572732f4c726d3a312e3000ffff01000000000000001d000000010100ff060000006c726d323900081109000000307832333061336330
Triana9:15:26:12 Retry FTEC > Completed!
Triana9:15:26:12: Retry FTEC > startThread
Triana9:15:26:12: Retry FTEC > startThread
Triana9:Stdout: Our request represented by main id: 0 and NODE id: 0 was ACCEPTED by LRM: IOR:01ffffff1e00000049444c3a7265736f7572636550726f7669646572732f4c726d3a312e3000ffff01000000000000001d000000010100ff060000006c726d323900081109000000307832333061336330
Triana9:Stdout: Our request represented by main id: 0 and NODE id: 0 was ACCEPTED by LRM: IOR:01ffffff1e00000049444c3a7265736f7572636550726f7669646572732f4c726d3a312e3000ffff01000000000000001d000000010100ff060000006c726d323900081109000000307832333061336330
Triana9:15:27:14 Retry FTEC > Completed!
Triana9:15:27:14 Retry FTEC > Completed!
Triana9:15:27:14: Retry FTEC > startThread
Triana9:15:27:14: Retry FTEC > startThread
Triana9:Stdout: Our request represented by main id: 0 and NODE id: 0 was ACCEPTED by LRM: IOR:01ffffff1e00000049444c3a7265736f7572636550726f7669646572732f4c726d3a312e3000ffff01000000000000001d000000010100ff060000006c726d323900081109000000307832333061336330
Triana9:Stdout: Our request represented by main id: 0 and NODE id: 0 was ACCEPTED by LRM: IOR:01ffffff1e00000049444c3a7265736f7572636550726f7669646572732f4c726d3a312e3000ffff01000000000000001d000000010100ff060000006c726d323900081109000000307832333061336330
Triana9:15:28:15 Retry FTEC > Completed!
Triana9:15:28:15 Retry FTEC > Completed!
Triana9:15:28:15: Retry FTEC > startThread
Triana9:Stdout: Our request represented by main id: 0 and NODE id: 0 was ACCEPTED by LRM: IOR:01ffffff1e00000049444c3a7265736f7572636550726f7669646572732f4c726d3a312e3000ffff01000000000000001d000000010100ff060000006c726d323900081109000000307832333061336330
Triana9:15:29:17 Retry FTEC > Completed!
Triana9:15:29:17: Retry FTEC > startThread
Triana9:Stdout: Our request represented by main id: 0 and NODE id: 0 was ACCEPTED by LRM: IOR:01ffffff1e00000049444c3a7265736f7572636550726f7669646572732f4c726d3a312e3000ffff01000000000000001d000000010100ff060000006c726d323900081109000000307832333061336330
Triana9:15:30:18 Retry FTEC > Completed!
