Taverna1:Workflow submitted at 10:43:22: defaultTypes.Workflow@6fe0fa2e
Taverna1:10:43:30: Retry FTEC > startThread
Taverna1:10:43:31: Retry FTEC > startThread
Taverna1:10:43:31: Retry FTEC > startThread
Taverna1:Stdout: Our request represented by main id: 0 and NODE id: 0 was ACCEPTED by LRM: IOR:01ffffff1e00000049444c3a7265736f7572636550726f7669646572732f4c726d3a312e3000ffff01000000000000001d000000010100ff060000006c726d323400341009000000307833316461356130
Taverna1:Stdout: Our request represented by main id: 0 and NODE id: 0 was ACCEPTED by LRM: IOR:01ffffff1e00000049444c3a7265736f7572636550726f7669646572732f4c726d3a312e3000ffff01000000000000001d000000010100ff060000006c726d323400341009000000307833316461356130
Taverna1:Stdout: Our request represented by main id: 0 and NODE id: 0 was ACCEPTED by LRM: IOR:01ffffff1e00000049444c3a7265736f7572636550726f7669646572732f4c726d3a312e3000ffff01000000000000001d000000010100ff060000006c726d323400341009000000307833316461356130
Taverna1:10:44:32 Retry FTEC > Completed!
Taverna1:10:44:32 Retry FTEC > Completed!
Taverna1:10:44:32: Retry FTEC > startThread
Taverna1:10:44:32 Retry FTEC > Completed!
Taverna1:10:44:32: Retry FTEC > startThread
Taverna1:Stdout: Our request represented by main id: 0 and NODE id: 0 was ACCEPTED by LRM: IOR:01ffffff1e00000049444c3a7265736f7572636550726f7669646572732f4c726d3a312e3000ffff01000000000000001d000000010100ff060000006c726d323400341009000000307833316461356130
Taverna1:Stdout: Our request represented by main id: 0 and NODE id: 0 was ACCEPTED by LRM: IOR:01ffffff1e00000049444c3a7265736f7572636550726f7669646572732f4c726d3a312e3000ffff01000000000000001d000000010100ff060000006c726d323400341009000000307833316461356130
Taverna1:10:45:33 Retry FTEC > Completed!
Taverna1:10:45:33: Retry FTEC > startThread
Taverna1:10:45:33 Retry FTEC > Completed!
Taverna1:Stdout: Our request represented by main id: 0 and NODE id: 0 was ACCEPTED by LRM: IOR:01ffffff1e00000049444c3a7265736f7572636550726f7669646572732f4c726d3a312e3000ffff01000000000000001d000000010100ff060000006c726d323400341009000000307833316461356130
Taverna1:10:46:34 Retry FTEC > Completed!
Taverna1:10:46:34: Retry FTEC > startThread
Taverna1:Stdout: Our request represented by main id: 0 and NODE id: 0 was ACCEPTED by LRM: IOR:01ffffff1e00000049444c3a7265736f7572636550726f7669646572732f4c726d3a312e3000ffff01000000000000001d000000010100ff060000006c726d323400341009000000307833316461356130
Taverna1:10:47:36 Retry FTEC > Completed!
Taverna1~:17:53:54Retry FTEC > startThread
Taverna1~:17:53:54Retry FTEC > startThread
Taverna1~:17:53:54Retry FTEC > startThread
Taverna1~:Stdout: Our request represented by main id: 0 and NODE id: 0 was ACCEPTED by LRM: IOR:01ffffff1e00000049444c3a7265736f7572636550726f7669646572732f4c726d3a312e3000ffff01000000000000001d000000010100ff060000006c726d313000842309000000307833313664636330
Taverna1~:Stdout: Our request represented by main id: 0 and NODE id: 0 was ACCEPTED by LRM: IOR:01ffffff1e00000049444c3a7265736f7572636550726f7669646572732f4c726d3a312e3000ffff01000000000000001d000000010100ff060000006c726d313000842309000000307833313664636330
Taverna1~:Stdout: Our request represented by main id: 0 and NODE id: 0 was ACCEPTED by LRM: IOR:01ffffff1e00000049444c3a7265736f7572636550726f7669646572732f4c726d3a312e3000ffff01000000000000001d000000010100ff060000006c726d313000842309000000307833313664636330
Taverna1~:17:54:55Retry FTEC > Completed!
Taverna1~:17:54:55Retry FTEC > startThread
Taverna1~:17:54:56Retry FTEC > Completed!
Taverna1~:17:54:56Retry FTEC > Completed!
Taverna1~:17:54:56Retry FTEC > startThread
Taverna1~:Stdout: Our request represented by main id: 0 and NODE id: 0 was REFUSED
Taverna1~:17:54:56Retry FTEC > Completed!
Taverna1~:Stdout: Our request represented by main id: 0 and NODE id: 0 was REFUSED
Taverna1~:17:54:57Retry FTEC > Completed!
Taverna1~:17:54:57Retry FTEC > startThread
Taverna1~:Stdout: Our request represented by main id: 0 and NODE id: 0 was REFUSED
Taverna1~:17:54:58Retry FTEC > Completed!
Taverna1~:17:54:58Retry FTEC > startThread
Taverna1~:Stdout: Our request represented by main id: 0 and NODE id: 0 was REFUSED
Taverna1~:17:54:59Retry FTEC > Completed!
Taverna1~:18:03:18: Retry FTEC > startThread
Taverna1~:18:03:19: Retry FTEC > startThread
Taverna1~:18:03:19: Retry FTEC > startThread
Taverna1~:Stdout: Our request represented by main id: 0 and NODE id: 0 was ACCEPTED by LRM: IOR:01ffffff1e00000049444c3a7265736f7572636550726f7669646572732f4c726d3a312e3000ffff01000000000000001d000000010100ff060000006c726d3132005f1109000000307832303333353930
Taverna1~:Stdout: Our request represented by main id: 0 and NODE id: 0 was ACCEPTED by LRM: IOR:01ffffff1e00000049444c3a7265736f7572636550726f7669646572732f4c726d3a312e3000ffff01000000000000001d000000010100ff060000006c726d3132005f1109000000307832303333353930
Taverna1~:Stdout: Our request represented by main id: 0 and NODE id: 0 was ACCEPTED by LRM: IOR:01ffffff1e00000049444c3a7265736f7572636550726f7669646572732f4c726d3a312e3000ffff01000000000000001d000000010100ff060000006c726d3132005f1109000000307832303333353930
Taverna1~:18:04:28 Retry FTEC > Completed!
Taverna1~:18:04:28 Retry FTEC > Completed!
Taverna1~:18:04:28: Retry FTEC > startThread
Taverna1~:18:04:28 Retry FTEC > Completed!
Taverna1~:18:04:28: Retry FTEC > startThread
Taverna1~:Stdout: Our request represented by main id: 0 and NODE id: 0 was ACCEPTED by LRM: IOR:01ffffff1e00000049444c3a7265736f7572636550726f7669646572732f4c726d3a312e3000ffff01000000000000001d000000010100ff060000006c726d3132005f1109000000307832303333353930
Taverna1~:Stdout: Our request represented by main id: 0 and NODE id: 0 was ACCEPTED by LRM: IOR:01ffffff1e00000049444c3a7265736f7572636550726f7669646572732f4c726d3a312e3000ffff01000000000000001d000000010100ff060000006c726d3132005f1109000000307832303333353930
Taverna1~:18:05:30 Retry FTEC > Completed!
Taverna1~:18:05:30: Retry FTEC > startThread
Taverna1~:18:05:30 Retry FTEC > Completed!
Taverna1~:Stdout: Our request represented by main id: 0 and NODE id: 0 was ACCEPTED by LRM: IOR:01ffffff1e00000049444c3a7265736f7572636550726f7669646572732f4c726d3a312e3000ffff01000000000000001d000000010100ff060000006c726d3132005f1109000000307832303333353930
Taverna1~:18:06:31 Retry FTEC > Completed!
Taverna1~:18:06:31: Retry FTEC > startThread
Taverna1~:Stdout: Our request represented by main id: 0 and NODE id: 0 was ACCEPTED by LRM: IOR:01ffffff1e00000049444c3a7265736f7572636550726f7669646572732f4c726d3a312e3000ffff01000000000000001d000000010100ff060000006c726d3132005f1109000000307832303333353930
Taverna1~:18:07:32 Retry FTEC > Completed!
Taverna2:Workflow submitted at 10:48:04: defaultTypes.Workflow@69363f5a
Taverna2:10:48:13: Retry FTEC > startThread
Taverna2:10:48:13: Retry FTEC > startThread
Taverna2:10:48:13: Retry FTEC > startThread
Taverna2:Stdout: Our request represented by main id: 0 and NODE id: 0 was ACCEPTED by LRM: IOR:01ffffff1e00000049444c3a7265736f7572636550726f7669646572732f4c726d3a312e3000ffff01000000000000001d000000010100ff060000006c726d323400341009000000307833316461356130
Taverna2:Stdout: Our request represented by main id: 0 and NODE id: 0 was ACCEPTED by LRM: IOR:01ffffff1e00000049444c3a7265736f7572636550726f7669646572732f4c726d3a312e3000ffff01000000000000001d000000010100ff060000006c726d323400341009000000307833316461356130
Taverna2:Stdout: Our request represented by main id: 0 and NODE id: 0 was ACCEPTED by LRM: IOR:01ffffff1e00000049444c3a7265736f7572636550726f7669646572732f4c726d3a312e3000ffff01000000000000001d000000010100ff060000006c726d323400341009000000307833316461356130
Taverna2:10:49:14 Retry FTEC > Completed!
Taverna2:10:49:14: Retry FTEC > startThread
Taverna2:10:49:14 Retry FTEC > Completed!
Taverna2:10:49:14 Retry FTEC > Completed!
Taverna2:10:49:14: Retry FTEC > startThread
Taverna2:Stdout: Our request represented by main id: 0 and NODE id: 0 was ACCEPTED by LRM: IOR:01ffffff1e00000049444c3a7265736f7572636550726f7669646572732f4c726d3a312e3000ffff01000000000000001d000000010100ff060000006c726d323400341009000000307833316461356130
Taverna2:Stdout: Our request represented by main id: 0 and NODE id: 0 was ACCEPTED by LRM: IOR:01ffffff1e00000049444c3a7265736f7572636550726f7669646572732f4c726d3a312e3000ffff01000000000000001d000000010100ff060000006c726d323400341009000000307833316461356130
Taverna2:10:50:15 Retry FTEC > Completed!
Taverna2:10:50:16 Retry FTEC > Completed!
Taverna2:10:50:16: Retry FTEC > startThread
Taverna2:Stdout: Our request represented by main id: 0 and NODE id: 0 was ACCEPTED by LRM: IOR:01ffffff1e00000049444c3a7265736f7572636550726f7669646572732f4c726d3a312e3000ffff01000000000000001d000000010100ff060000006c726d323400341009000000307833316461356130
Taverna2:10:51:17 Retry FTEC > Completed!
Taverna2:10:51:17: Retry FTEC > startThread
Taverna2:Stdout: Our request represented by main id: 0 and NODE id: 0 was ACCEPTED by LRM: IOR:01ffffff1e00000049444c3a7265736f7572636550726f7669646572732f4c726d3a312e3000ffff01000000000000001d000000010100ff060000006c726d323400341009000000307833316461356130
Taverna2:10:52:18 Retry FTEC > Completed!
Taverna3:Workflow submitted at 10:53:55: defaultTypes.Workflow@6fe0fa2e
Taverna3:10:54:03: Retry FTEC > startThread
Taverna3:10:54:03: Retry FTEC > startThread
Taverna3:10:54:03: Retry FTEC > startThread
Taverna3:Stdout: Our request represented by main id: 0 and NODE id: 0 was ACCEPTED by LRM: IOR:01ffffff1e00000049444c3a7265736f7572636550726f7669646572732f4c726d3a312e3000ffff01000000000000001d000000010100ff060000006c726d323400341009000000307833316461356130
Taverna3:Stdout: Our request represented by main id: 0 and NODE id: 0 was ACCEPTED by LRM: IOR:01ffffff1e00000049444c3a7265736f7572636550726f7669646572732f4c726d3a312e3000ffff01000000000000001d000000010100ff060000006c726d323400341009000000307833316461356130
Taverna3:Stdout: Our request represented by main id: 0 and NODE id: 0 was ACCEPTED by LRM: IOR:01ffffff1e00000049444c3a7265736f7572636550726f7669646572732f4c726d3a312e3000ffff01000000000000001d000000010100ff060000006c726d323400341009000000307833316461356130
Taverna3:10:55:05 Retry FTEC > Completed!
Taverna3:10:55:05 Retry FTEC > Completed!
Taverna3:10:55:05 Retry FTEC > Completed!
Taverna3:10:55:05: Retry FTEC > startThread
Taverna3:10:55:05: Retry FTEC > startThread
Taverna3:Stdout: Our request represented by main id: 0 and NODE id: 0 was ACCEPTED by LRM: IOR:01ffffff1e00000049444c3a7265736f7572636550726f7669646572732f4c726d3a312e3000ffff01000000000000001d000000010100ff060000006c726d323400341009000000307833316461356130
Taverna3:Stdout: Our request represented by main id: 0 and NODE id: 0 was ACCEPTED by LRM: IOR:01ffffff1e00000049444c3a7265736f7572636550726f7669646572732f4c726d3a312e3000ffff01000000000000001d000000010100ff060000006c726d323400341009000000307833316461356130
Taverna3:10:56:06 Retry FTEC > Completed!
Taverna3:10:56:06 Retry FTEC > Completed!
Taverna3:10:56:06: Retry FTEC > startThread
Taverna3:Stdout: Our request represented by main id: 0 and NODE id: 0 was ACCEPTED by LRM: IOR:01ffffff1e00000049444c3a7265736f7572636550726f7669646572732f4c726d3a312e3000ffff01000000000000001d000000010100ff060000006c726d323400341009000000307833316461356130
Taverna3:10:57:07 Retry FTEC > Completed!
Taverna3:10:57:07: Retry FTEC > startThread
Taverna3:Stdout: Our request represented by main id: 0 and NODE id: 0 was ACCEPTED by LRM: IOR:01ffffff1e00000049444c3a7265736f7572636550726f7669646572732f4c726d3a312e3000ffff01000000000000001d000000010100ff060000006c726d323400341009000000307833316461356130
Taverna3:10:58:08 Retry FTEC > Completed!
Taverna3:10:59:18: Retry FTEC > startThread
Taverna3:10:59:18: Retry FTEC > startThread
Taverna3:10:59:18: Retry FTEC > startThread
Taverna3:Stdout: Our request represented by main id: 0 and NODE id: 0 was ACCEPTED by LRM: IOR:01ffffff1e00000049444c3a7265736f7572636550726f7669646572732f4c726d3a312e3000ffff01000000000000001d000000010100ff060000006c726d323400341009000000307833316461356130
Taverna3:Stdout: Our request represented by main id: 0 and NODE id: 0 was ACCEPTED by LRM: IOR:01ffffff1e00000049444c3a7265736f7572636550726f7669646572732f4c726d3a312e3000ffff01000000000000001d000000010100ff060000006c726d323400341009000000307833316461356130
Taverna3:Stdout: Our request represented by main id: 0 and NODE id: 0 was ACCEPTED by LRM: IOR:01ffffff1e00000049444c3a7265736f7572636550726f7669646572732f4c726d3a312e3000ffff01000000000000001d000000010100ff060000006c726d323400341009000000307833316461356130
Taverna3:11:00:19 Retry FTEC > Completed!
Taverna3:11:00:20 Retry FTEC > Completed!
Taverna3:11:00:20: Retry FTEC > startThread
Taverna3:11:00:20 Retry FTEC > Completed!
Taverna3:11:00:20: Retry FTEC > startThread
Taverna3:Stdout: Our request represented by main id: 0 and NODE id: 0 was ACCEPTED by LRM: IOR:01ffffff1e00000049444c3a7265736f7572636550726f7669646572732f4c726d3a312e3000ffff01000000000000001d000000010100ff060000006c726d323400341009000000307833316461356130
Taverna3:Stdout: Our request represented by main id: 0 and NODE id: 0 was ACCEPTED by LRM: IOR:01ffffff1e00000049444c3a7265736f7572636550726f7669646572732f4c726d3a312e3000ffff01000000000000001d000000010100ff060000006c726d323400341009000000307833316461356130
Taverna4:Workflow submitted at 10:38:20: defaultTypes.Workflow@19870711
Taverna4:10:38:28: Retry FTEC > startThread
Taverna4:10:38:28: Retry FTEC > startThread
Taverna4:10:38:28: Retry FTEC > startThread
Taverna4:Stdout: Our request represented by main id: 0 and NODE id: 0 was ACCEPTED by LRM: IOR:01ffffff1e00000049444c3a7265736f7572636550726f7669646572732f4c726d3a312e3000ffff01000000000000001d000000010100ff060000006c726d323400341009000000307833316461356130
Taverna4:Stdout: Our request represented by main id: 0 and NODE id: 0 was ACCEPTED by LRM: IOR:01ffffff1e00000049444c3a7265736f7572636550726f7669646572732f4c726d3a312e3000ffff01000000000000001d000000010100ff060000006c726d323400341009000000307833316461356130
Taverna4:Stdout: Our request represented by main id: 0 and NODE id: 0 was ACCEPTED by LRM: IOR:01ffffff1e00000049444c3a7265736f7572636550726f7669646572732f4c726d3a312e3000ffff01000000000000001d000000010100ff060000006c726d323400341009000000307833316461356130
Taverna4:10:39:30 Retry FTEC > Completed!
Taverna4:10:39:30 Retry FTEC > Completed!
Taverna4:10:39:30: Retry FTEC > startThread
Taverna4:10:39:30 Retry FTEC > Completed!
Taverna4:10:39:30: Retry FTEC > startThread
Taverna4:Stdout: Our request represented by main id: 0 and NODE id: 0 was ACCEPTED by LRM: IOR:01ffffff1e00000049444c3a7265736f7572636550726f7669646572732f4c726d3a312e3000ffff01000000000000001d000000010100ff060000006c726d323400341009000000307833316461356130
Taverna4:Stdout: Our request represented by main id: 0 and NODE id: 0 was ACCEPTED by LRM: IOR:01ffffff1e00000049444c3a7265736f7572636550726f7669646572732f4c726d3a312e3000ffff01000000000000001d000000010100ff060000006c726d323400341009000000307833316461356130
Taverna4:10:40:31 Retry FTEC > Completed!
Taverna4:10:40:31 Retry FTEC > Completed!
Taverna4:10:40:31: Retry FTEC > startThread
Taverna4:Stdout: Our request represented by main id: 0 and NODE id: 0 was ACCEPTED by LRM: IOR:01ffffff1e00000049444c3a7265736f7572636550726f7669646572732f4c726d3a312e3000ffff01000000000000001d000000010100ff060000006c726d323400341009000000307833316461356130
Taverna4:10:41:32 Retry FTEC > Completed!
Taverna4:10:41:32: Retry FTEC > startThread
Taverna4:Stdout: Our request represented by main id: 0 and NODE id: 0 was ACCEPTED by LRM: IOR:01ffffff1e00000049444c3a7265736f7572636550726f7669646572732f4c726d3a312e3000ffff01000000000000001d000000010100ff060000006c726d323400341009000000307833316461356130
Taverna4:10:42:33 Retry FTEC > Completed!
Taverna6:Workflow submitted at 10:58:35: defaultTypes.Workflow@6fe0fa2e
Taverna6:Workflow submitted at 10:59:10: defaultTypes.Workflow@6fe0fa2e
Taverna6:Workflow submitted at 11:00:46: defaultTypes.Workflow@19870711
Taverna6:11:00:55: Retry FTEC > startThread
Taverna6:11:00:56: Retry FTEC > startThread
Taverna6:11:00:56: Retry FTEC > startThread
Taverna6:Stdout: Our request represented by main id: 0 and NODE id: 0 was ACCEPTED by LRM: IOR:01ffffff1e00000049444c3a7265736f7572636550726f7669646572732f4c726d3a312e3000ffff01000000000000001d000000010100ff060000006c726d323400341009000000307833316461356130
Taverna6:Stdout: Our request represented by main id: 0 and NODE id: 0 was ACCEPTED by LRM: IOR:01ffffff1e00000049444c3a7265736f7572636550726f7669646572732f4c726d3a312e3000ffff01000000000000001d000000010100ff060000006c726d323400341009000000307833316461356130
Taverna6:Stdout: Our request represented by main id: 0 and NODE id: 0 was ACCEPTED by LRM: IOR:01ffffff1e00000049444c3a7265736f7572636550726f7669646572732f4c726d3a312e3000ffff01000000000000001d000000010100ff060000006c726d323400341009000000307833316461356130
Taverna6:11:01:57 Retry FTEC > Completed!
Taverna6:11:01:57 Retry FTEC > Completed!
Taverna6:11:01:57 Retry FTEC > Completed!
Taverna6:11:01:57: Retry FTEC > startThread
Taverna6:11:01:57: Retry FTEC > startThread
Taverna6:Stdout: Our request represented by main id: 0 and NODE id: 0 was ACCEPTED by LRM: IOR:01ffffff1e00000049444c3a7265736f7572636550726f7669646572732f4c726d3a312e3000ffff01000000000000001d000000010100ff060000006c726d323400341009000000307833316461356130
Taverna6:Stdout: Our request represented by main id: 0 and NODE id: 0 was ACCEPTED by LRM: IOR:01ffffff1e00000049444c3a7265736f7572636550726f7669646572732f4c726d3a312e3000ffff01000000000000001d000000010100ff060000006c726d323400341009000000307833316461356130
Taverna6:11:02:58 Retry FTEC > Completed!
Taverna6:11:02:58 Retry FTEC > Completed!
Taverna6:11:02:58: Retry FTEC > startThread
Taverna6:Stdout: Our request represented by main id: 0 and NODE id: 0 was ACCEPTED by LRM: IOR:01ffffff1e00000049444c3a7265736f7572636550726f7669646572732f4c726d3a312e3000ffff01000000000000001d000000010100ff060000006c726d323400341009000000307833316461356130
Taverna6:11:03:59 Retry FTEC > Completed!
Taverna6:11:03:59: Retry FTEC > startThread
Taverna6:Stdout: Our request represented by main id: 0 and NODE id: 0 was ACCEPTED by LRM: IOR:01ffffff1e00000049444c3a7265736f7572636550726f7669646572732f4c726d3a312e3000ffff01000000000000001d000000010100ff060000006c726d323400341009000000307833316461356130
Taverna6:11:05:01 Retry FTEC > Completed!
Taverna7:Workflow submitted at 11:07:57: defaultTypes.Workflow@19870711
Taverna7:11:08:05: Retry FTEC > startThread
Taverna7:11:08:05: Retry FTEC > startThread
Taverna7:11:08:05: Retry FTEC > startThread
Taverna7:Stdout: Our request represented by main id: 0 and NODE id: 0 was ACCEPTED by LRM: IOR:01ffffff1e00000049444c3a7265736f7572636550726f7669646572732f4c726d3a312e3000ffff01000000000000001d000000010100ff060000006c726d323400341009000000307833316461356130
Taverna7:Stdout: Our request represented by main id: 0 and NODE id: 0 was ACCEPTED by LRM: IOR:01ffffff1e00000049444c3a7265736f7572636550726f7669646572732f4c726d3a312e3000ffff01000000000000001d000000010100ff060000006c726d323400341009000000307833316461356130
Taverna7:Stdout: Our request represented by main id: 0 and NODE id: 0 was ACCEPTED by LRM: IOR:01ffffff1e00000049444c3a7265736f7572636550726f7669646572732f4c726d3a312e3000ffff01000000000000001d000000010100ff060000006c726d323400341009000000307833316461356130
Taverna7:11:09:06 Retry FTEC > Completed!
Taverna7:11:09:06 Retry FTEC > Completed!
Taverna7:11:09:06 Retry FTEC > Completed!
Taverna7:11:09:06: Retry FTEC > startThread
Taverna7:11:09:06: Retry FTEC > startThread
Taverna7:Stdout: Our request represented by main id: 0 and NODE id: 0 was ACCEPTED by LRM: IOR:01ffffff1e00000049444c3a7265736f7572636550726f7669646572732f4c726d3a312e3000ffff01000000000000001d000000010100ff060000006c726d323400341009000000307833316461356130
Taverna7:Stdout: Our request represented by main id: 0 and NODE id: 0 was ACCEPTED by LRM: IOR:01ffffff1e00000049444c3a7265736f7572636550726f7669646572732f4c726d3a312e3000ffff01000000000000001d000000010100ff060000006c726d323400341009000000307833316461356130
Taverna7:11:10:07 Retry FTEC > Completed!
Taverna7:11:10:08 Retry FTEC > Completed!
Taverna7:11:10:08: Retry FTEC > startThread
Taverna7:Stdout: Our request represented by main id: 0 and NODE id: 0 was ACCEPTED by LRM: IOR:01ffffff1e00000049444c3a7265736f7572636550726f7669646572732f4c726d3a312e3000ffff01000000000000001d000000010100ff060000006c726d323400341009000000307833316461356130
Taverna7:11:11:09 Retry FTEC > Completed!
Taverna7:11:11:09: Retry FTEC > startThread
Taverna7:Stdout: Our request represented by main id: 0 and NODE id: 0 was ACCEPTED by LRM: IOR:01ffffff1e00000049444c3a7265736f7572636550726f7669646572732f4c726d3a312e3000ffff01000000000000001d000000010100ff060000006c726d323400341009000000307833316461356130
Taverna7:11:12:10 Retry FTEC > Completed!
Taverna8:Workflow submitted at 11:15:09: defaultTypes.Workflow@6fe0fa2e
Taverna8:11:15:15: Retry FTEC > startThread
Taverna8:11:15:16: Retry FTEC > startThread
Taverna8:11:15:16: Retry FTEC > startThread
Taverna8:Stdout: Our request represented by main id: 0 and NODE id: 0 was ACCEPTED by LRM: IOR:01ffffff1e00000049444c3a7265736f7572636550726f7669646572732f4c726d3a312e3000ffff01000000000000001d000000010100ff060000006c726d323400341009000000307833316461356130
Taverna8:Stdout: Our request represented by main id: 0 and NODE id: 0 was ACCEPTED by LRM: IOR:01ffffff1e00000049444c3a7265736f7572636550726f7669646572732f4c726d3a312e3000ffff01000000000000001d000000010100ff060000006c726d323400341009000000307833316461356130
Taverna8:Stdout: Our request represented by main id: 0 and NODE id: 0 was ACCEPTED by LRM: IOR:01ffffff1e00000049444c3a7265736f7572636550726f7669646572732f4c726d3a312e3000ffff01000000000000001d000000010100ff060000006c726d323400341009000000307833316461356130
Taverna8:11:16:17 Retry FTEC > Completed!
Taverna8:11:16:17 Retry FTEC > Completed!
Taverna8:11:16:17 Retry FTEC > Completed!
Taverna8:11:16:17: Retry FTEC > startThread
Taverna8:11:16:17: Retry FTEC > startThread
Taverna8:Stdout: Our request represented by main id: 0 and NODE id: 0 was ACCEPTED by LRM: IOR:01ffffff1e00000049444c3a7265736f7572636550726f7669646572732f4c726d3a312e3000ffff01000000000000001d000000010100ff060000006c726d323400341009000000307833316461356130
Taverna8:Stdout: Our request represented by main id: 0 and NODE id: 0 was ACCEPTED by LRM: IOR:01ffffff1e00000049444c3a7265736f7572636550726f7669646572732f4c726d3a312e3000ffff01000000000000001d000000010100ff060000006c726d323400341009000000307833316461356130
Taverna8:11:17:19 Retry FTEC > Completed!
Taverna8:11:17:19 Retry FTEC > Completed!
Taverna8:11:17:19: Retry FTEC > startThread
Taverna8:Stdout: Our request represented by main id: 0 and NODE id: 0 was ACCEPTED by LRM: IOR:01ffffff1e00000049444c3a7265736f7572636550726f7669646572732f4c726d3a312e3000ffff01000000000000001d000000010100ff060000006c726d323400341009000000307833316461356130
Taverna8:11:18:20 Retry FTEC > Completed!
Taverna8:11:18:20: Retry FTEC > startThread
Taverna8:Stdout: Our request represented by main id: 0 and NODE id: 0 was ACCEPTED by LRM: IOR:01ffffff1e00000049444c3a7265736f7572636550726f7669646572732f4c726d3a312e3000ffff01000000000000001d000000010100ff060000006c726d323400341009000000307833316461356130
Taverna8:11:19:21 Retry FTEC > Completed!
Taverna9:Workflow submitted at 11:28:41: defaultTypes.Workflow@19870711
Taverna9:Workflow submitted at 11:28:55: defaultTypes.Workflow@6fe0fa2e
Taverna9:Workflow submitted at 11:29:36: defaultTypes.Workflow@1b491b64
Taverna9:11:29:44: Retry FTEC > startThread
Taverna9:11:29:44: Retry FTEC > startThread
Taverna9:11:29:45: Retry FTEC > startThread
Taverna9:Stdout: Our request represented by main id: 0 and NODE id: 0 was ACCEPTED by LRM: IOR:01ffffff1e00000049444c3a7265736f7572636550726f7669646572732f4c726d3a312e3000ffff01000000000000001d000000010100ff060000006c726d323400341009000000307833316461356130
Taverna9:Stdout: Our request represented by main id: 0 and NODE id: 0 was ACCEPTED by LRM: IOR:01ffffff1e00000049444c3a7265736f7572636550726f7669646572732f4c726d3a312e3000ffff01000000000000001d000000010100ff060000006c726d323400341009000000307833316461356130
Taverna9:Stdout: Our request represented by main id: 0 and NODE id: 0 was ACCEPTED by LRM: IOR:01ffffff1e00000049444c3a7265736f7572636550726f7669646572732f4c726d3a312e3000ffff01000000000000001d000000010100ff060000006c726d323400341009000000307833316461356130
Taverna9:11:30:46 Retry FTEC > Completed!
Taverna9:11:30:46 Retry FTEC > Completed!
Taverna9:11:30:46 Retry FTEC > Completed!
Taverna9:11:30:46: Retry FTEC > startThread
Taverna9:11:30:46: Retry FTEC > startThread
Taverna9:Stdout: Our request represented by main id: 0 and NODE id: 0 was ACCEPTED by LRM: IOR:01ffffff1e00000049444c3a7265736f7572636550726f7669646572732f4c726d3a312e3000ffff01000000000000001d000000010100ff060000006c726d323400341009000000307833316461356130
Taverna9:Stdout: Our request represented by main id: 0 and NODE id: 0 was ACCEPTED by LRM: IOR:01ffffff1e00000049444c3a7265736f7572636550726f7669646572732f4c726d3a312e3000ffff01000000000000001d000000010100ff060000006c726d323400341009000000307833316461356130
Taverna9:11:31:47 Retry FTEC > Completed!
Taverna9:11:31:47 Retry FTEC > Completed!
Taverna9:11:31:47: Retry FTEC > startThread
Taverna9:Stdout: Our request represented by main id: 0 and NODE id: 0 was ACCEPTED by LRM: IOR:01ffffff1e00000049444c3a7265736f7572636550726f7669646572732f4c726d3a312e3000ffff01000000000000001d000000010100ff060000006c726d323400341009000000307833316461356130
Taverna9:11:32:48 Retry FTEC > Completed!
Taverna9:11:32:48: Retry FTEC > startThread
Taverna9:Stdout: Our request represented by main id: 0 and NODE id: 0 was ACCEPTED by LRM: IOR:01ffffff1e00000049444c3a7265736f7572636550726f7669646572732f4c726d3a312e3000ffff01000000000000001d000000010100ff060000006c726d323400341009000000307833316461356130
Taverna9:11:33:50 Retry FTEC > Completed!
TavernaFailed1:17:53:54Retry FTEC > startThread
TavernaFailed1:17:53:54Retry FTEC > startThread
TavernaFailed1:17:53:54Retry FTEC > startThread
TavernaFailed1:Stdout: Our request represented by main id: 0 and NODE id: 0 was ACCEPTED by LRM: IOR:01ffffff1e00000049444c3a7265736f7572636550726f7669646572732f4c726d3a312e3000ffff01000000000000001d000000010100ff060000006c726d313000842309000000307833313664636330
TavernaFailed1:Stdout: Our request represented by main id: 0 and NODE id: 0 was ACCEPTED by LRM: IOR:01ffffff1e00000049444c3a7265736f7572636550726f7669646572732f4c726d3a312e3000ffff01000000000000001d000000010100ff060000006c726d313000842309000000307833313664636330
TavernaFailed1:Stdout: Our request represented by main id: 0 and NODE id: 0 was ACCEPTED by LRM: IOR:01ffffff1e00000049444c3a7265736f7572636550726f7669646572732f4c726d3a312e3000ffff01000000000000001d000000010100ff060000006c726d313000842309000000307833313664636330
TavernaFailed1:17:54:55Retry FTEC > Completed!
TavernaFailed1:17:54:55Retry FTEC > startThread
TavernaFailed1:17:54:56Retry FTEC > Completed!
TavernaFailed1:17:54:56Retry FTEC > Completed!
TavernaFailed1:17:54:56Retry FTEC > startThread
TavernaFailed1:Stdout: Our request represented by main id: 0 and NODE id: 0 was REFUSED
TavernaFailed1:17:54:56Retry FTEC > Completed!
TavernaFailed1:Stdout: Our request represented by main id: 0 and NODE id: 0 was REFUSED
TavernaFailed1:17:54:57Retry FTEC > Completed!
TavernaFailed1:17:54:57Retry FTEC > startThread
TavernaFailed1:Stdout: Our request represented by main id: 0 and NODE id: 0 was REFUSED
TavernaFailed1:17:54:58Retry FTEC > Completed!
TavernaFailed1:17:54:58Retry FTEC > startThread
TavernaFailed1:Stdout: Our request represented by main id: 0 and NODE id: 0 was REFUSED
TavernaFailed1:17:54:59Retry FTEC > Completed!
